<?xml version="1.0" encoding="UTF-8"?>
<testsuite xmlns:xsi="http://www.w3.org/2001/XMLSchema-instance" xsi:noNamespaceSchemaLocation="https://maven.apache.org/surefire/maven-surefire-plugin/xsd/surefire-test-report-3.0.xsd" version="3.0" name="br.ufrn.dimap.communication.udp.UDPCommunicationStrategyTest" time="1.976" tests="5" errors="0" skipped="0" failures="0">
  <properties>
    <property name="java.specification.version" value="21"/>
    <property name="sun.cpu.isalist" value="amd64"/>
    <property name="sun.jnu.encoding" value="Cp1252"/>
    <property name="java.class.path" value="D:\distribuida\target\test-classes;D:\distribuida\target\classes;C:\Users\duda_\.m2\repository\org\slf4j\slf4j-api\2.0.6\slf4j-api-2.0.6.jar;C:\Users\duda_\.m2\repository\ch\qos\logback\logback-classic\1.4.5\logback-classic-1.4.5.jar;C:\Users\duda_\.m2\repository\ch\qos\logback\logback-core\1.4.5\logback-core-1.4.5.jar;C:\Users\duda_\.m2\repository\com\fasterxml\jackson\core\jackson-databind\2.14.2\jackson-databind-2.14.2.jar;C:\Users\duda_\.m2\repository\com\fasterxml\jackson\core\jackson-annotations\2.14.2\jackson-annotations-2.14.2.jar;C:\Users\duda_\.m2\repository\com\fasterxml\jackson\core\jackson-core\2.14.2\jackson-core-2.14.2.jar;C:\Users\duda_\.m2\repository\com\fasterxml\jackson\datatype\jackson-datatype-jsr310\2.14.2\jackson-datatype-jsr310-2.14.2.jar;C:\Users\duda_\.m2\repository\com\sun\net\httpserver\http\20070405\http-20070405.jar;C:\Users\duda_\.m2\repository\io\grpc\grpc-netty-shaded\1.53.0\grpc-netty-shaded-1.53.0.jar;C:\Users\duda_\.m2\repository\com\google\guava\guava\31.1-android\guava-31.1-android.jar;C:\Users\duda_\.m2\repository\com\google\guava\failureaccess\1.0.1\failureaccess-1.0.1.jar;C:\Users\duda_\.m2\repository\com\google\guava\listenablefuture\9999.0-empty-to-avoid-conflict-with-guava\listenablefuture-9999.0-empty-to-avoid-conflict-with-guava.jar;C:\Users\duda_\.m2\repository\org\checkerframework\checker-qual\3.12.0\checker-qual-3.12.0.jar;C:\Users\duda_\.m2\repository\com\google\j2objc\j2objc-annotations\1.3\j2objc-annotations-1.3.jar;C:\Users\duda_\.m2\repository\com\google\errorprone\error_prone_annotations\2.14.0\error_prone_annotations-2.14.0.jar;C:\Users\duda_\.m2\repository\io\perfmark\perfmark-api\0.25.0\perfmark-api-0.25.0.jar;C:\Users\duda_\.m2\repository\io\grpc\grpc-core\1.53.0\grpc-core-1.53.0.jar;C:\Users\duda_\.m2\repository\com\google\code\gson\gson\2.9.0\gson-2.9.0.jar;C:\Users\duda_\.m2\repository\com\google\android\annotations\4.1.1.4\annotations-4.1.1.4.jar;C:\Users\duda_\.m2\repository\org\codehaus\mojo\animal-sniffer-annotations\1.21\animal-sniffer-annotations-1.21.jar;C:\Users\duda_\.m2\repository\io\grpc\grpc-protobuf\1.53.0\grpc-protobuf-1.53.0.jar;C:\Users\duda_\.m2\repository\io\grpc\grpc-api\1.53.0\grpc-api-1.53.0.jar;C:\Users\duda_\.m2\repository\io\grpc\grpc-context\1.53.0\grpc-context-1.53.0.jar;C:\Users\duda_\.m2\repository\com\google\code\findbugs\jsr305\3.0.2\jsr305-3.0.2.jar;C:\Users\duda_\.m2\repository\com\google\api\grpc\proto-google-common-protos\2.9.0\proto-google-common-protos-2.9.0.jar;C:\Users\duda_\.m2\repository\io\grpc\grpc-protobuf-lite\1.53.0\grpc-protobuf-lite-1.53.0.jar;C:\Users\duda_\.m2\repository\io\grpc\grpc-stub\1.53.0\grpc-stub-1.53.0.jar;C:\Users\duda_\.m2\repository\com\google\protobuf\protobuf-java\3.21.12\protobuf-java-3.21.12.jar;C:\Users\duda_\.m2\repository\org\junit\jupiter\junit-jupiter\5.9.2\junit-jupiter-5.9.2.jar;C:\Users\duda_\.m2\repository\org\junit\jupiter\junit-jupiter-api\5.9.2\junit-jupiter-api-5.9.2.jar;C:\Users\duda_\.m2\repository\org\opentest4j\opentest4j\1.2.0\opentest4j-1.2.0.jar;C:\Users\duda_\.m2\repository\org\junit\platform\junit-platform-commons\1.9.2\junit-platform-commons-1.9.2.jar;C:\Users\duda_\.m2\repository\org\apiguardian\apiguardian-api\1.1.2\apiguardian-api-1.1.2.jar;C:\Users\duda_\.m2\repository\org\junit\jupiter\junit-jupiter-params\5.9.2\junit-jupiter-params-5.9.2.jar;C:\Users\duda_\.m2\repository\org\junit\jupiter\junit-jupiter-engine\5.9.2\junit-jupiter-engine-5.9.2.jar;C:\Users\duda_\.m2\repository\org\junit\platform\junit-platform-engine\1.9.2\junit-platform-engine-1.9.2.jar;C:\Users\duda_\.m2\repository\org\mockito\mockito-core\5.1.1\mockito-core-5.1.1.jar;C:\Users\duda_\.m2\repository\net\bytebuddy\byte-buddy\1.12.22\byte-buddy-1.12.22.jar;C:\Users\duda_\.m2\repository\net\bytebuddy\byte-buddy-agent\1.12.22\byte-buddy-agent-1.12.22.jar;C:\Users\duda_\.m2\repository\org\objenesis\objenesis\3.3\objenesis-3.3.jar;C:\Users\duda_\.m2\repository\org\mockito\mockito-junit-jupiter\5.1.1\mockito-junit-jupiter-5.1.1.jar;"/>
    <property name="java.vm.vendor" value="Oracle Corporation"/>
    <property name="sun.arch.data.model" value="64"/>
    <property name="user.variant" value=""/>
    <property name="java.vendor.url" value="https://java.oracle.com/"/>
    <property name="user.timezone" value="America/Sao_Paulo"/>
    <property name="os.name" value="Windows 11"/>
    <property name="java.vm.specification.version" value="21"/>
    <property name="sun.java.launcher" value="SUN_STANDARD"/>
    <property name="user.country" value="BR"/>
    <property name="sun.boot.library.path" value="C:\Program Files\Java\jdk-21\bin"/>
    <property name="sun.java.command" value="C:\Users\duda_\AppData\Local\Temp\surefire16136489190711603659\surefirebooter-20250926155910810_3.jar C:\Users\duda_\AppData\Local\Temp\surefire16136489190711603659 2025-09-26T15-59-10_180-jvmRun1 surefire-20250926155910810_1tmp surefire_0-20250926155910810_2tmp"/>
    <property name="jdk.debug" value="release"/>
    <property name="surefire.test.class.path" value="D:\distribuida\target\test-classes;D:\distribuida\target\classes;C:\Users\duda_\.m2\repository\org\slf4j\slf4j-api\2.0.6\slf4j-api-2.0.6.jar;C:\Users\duda_\.m2\repository\ch\qos\logback\logback-classic\1.4.5\logback-classic-1.4.5.jar;C:\Users\duda_\.m2\repository\ch\qos\logback\logback-core\1.4.5\logback-core-1.4.5.jar;C:\Users\duda_\.m2\repository\com\fasterxml\jackson\core\jackson-databind\2.14.2\jackson-databind-2.14.2.jar;C:\Users\duda_\.m2\repository\com\fasterxml\jackson\core\jackson-annotations\2.14.2\jackson-annotations-2.14.2.jar;C:\Users\duda_\.m2\repository\com\fasterxml\jackson\core\jackson-core\2.14.2\jackson-core-2.14.2.jar;C:\Users\duda_\.m2\repository\com\fasterxml\jackson\datatype\jackson-datatype-jsr310\2.14.2\jackson-datatype-jsr310-2.14.2.jar;C:\Users\duda_\.m2\repository\com\sun\net\httpserver\http\20070405\http-20070405.jar;C:\Users\duda_\.m2\repository\io\grpc\grpc-netty-shaded\1.53.0\grpc-netty-shaded-1.53.0.jar;C:\Users\duda_\.m2\repository\com\google\guava\guava\31.1-android\guava-31.1-android.jar;C:\Users\duda_\.m2\repository\com\google\guava\failureaccess\1.0.1\failureaccess-1.0.1.jar;C:\Users\duda_\.m2\repository\com\google\guava\listenablefuture\9999.0-empty-to-avoid-conflict-with-guava\listenablefuture-9999.0-empty-to-avoid-conflict-with-guava.jar;C:\Users\duda_\.m2\repository\org\checkerframework\checker-qual\3.12.0\checker-qual-3.12.0.jar;C:\Users\duda_\.m2\repository\com\google\j2objc\j2objc-annotations\1.3\j2objc-annotations-1.3.jar;C:\Users\duda_\.m2\repository\com\google\errorprone\error_prone_annotations\2.14.0\error_prone_annotations-2.14.0.jar;C:\Users\duda_\.m2\repository\io\perfmark\perfmark-api\0.25.0\perfmark-api-0.25.0.jar;C:\Users\duda_\.m2\repository\io\grpc\grpc-core\1.53.0\grpc-core-1.53.0.jar;C:\Users\duda_\.m2\repository\com\google\code\gson\gson\2.9.0\gson-2.9.0.jar;C:\Users\duda_\.m2\repository\com\google\android\annotations\4.1.1.4\annotations-4.1.1.4.jar;C:\Users\duda_\.m2\repository\org\codehaus\mojo\animal-sniffer-annotations\1.21\animal-sniffer-annotations-1.21.jar;C:\Users\duda_\.m2\repository\io\grpc\grpc-protobuf\1.53.0\grpc-protobuf-1.53.0.jar;C:\Users\duda_\.m2\repository\io\grpc\grpc-api\1.53.0\grpc-api-1.53.0.jar;C:\Users\duda_\.m2\repository\io\grpc\grpc-context\1.53.0\grpc-context-1.53.0.jar;C:\Users\duda_\.m2\repository\com\google\code\findbugs\jsr305\3.0.2\jsr305-3.0.2.jar;C:\Users\duda_\.m2\repository\com\google\api\grpc\proto-google-common-protos\2.9.0\proto-google-common-protos-2.9.0.jar;C:\Users\duda_\.m2\repository\io\grpc\grpc-protobuf-lite\1.53.0\grpc-protobuf-lite-1.53.0.jar;C:\Users\duda_\.m2\repository\io\grpc\grpc-stub\1.53.0\grpc-stub-1.53.0.jar;C:\Users\duda_\.m2\repository\com\google\protobuf\protobuf-java\3.21.12\protobuf-java-3.21.12.jar;C:\Users\duda_\.m2\repository\org\junit\jupiter\junit-jupiter\5.9.2\junit-jupiter-5.9.2.jar;C:\Users\duda_\.m2\repository\org\junit\jupiter\junit-jupiter-api\5.9.2\junit-jupiter-api-5.9.2.jar;C:\Users\duda_\.m2\repository\org\opentest4j\opentest4j\1.2.0\opentest4j-1.2.0.jar;C:\Users\duda_\.m2\repository\org\junit\platform\junit-platform-commons\1.9.2\junit-platform-commons-1.9.2.jar;C:\Users\duda_\.m2\repository\org\apiguardian\apiguardian-api\1.1.2\apiguardian-api-1.1.2.jar;C:\Users\duda_\.m2\repository\org\junit\jupiter\junit-jupiter-params\5.9.2\junit-jupiter-params-5.9.2.jar;C:\Users\duda_\.m2\repository\org\junit\jupiter\junit-jupiter-engine\5.9.2\junit-jupiter-engine-5.9.2.jar;C:\Users\duda_\.m2\repository\org\junit\platform\junit-platform-engine\1.9.2\junit-platform-engine-1.9.2.jar;C:\Users\duda_\.m2\repository\org\mockito\mockito-core\5.1.1\mockito-core-5.1.1.jar;C:\Users\duda_\.m2\repository\net\bytebuddy\byte-buddy\1.12.22\byte-buddy-1.12.22.jar;C:\Users\duda_\.m2\repository\net\bytebuddy\byte-buddy-agent\1.12.22\byte-buddy-agent-1.12.22.jar;C:\Users\duda_\.m2\repository\org\objenesis\objenesis\3.3\objenesis-3.3.jar;C:\Users\duda_\.m2\repository\org\mockito\mockito-junit-jupiter\5.1.1\mockito-junit-jupiter-5.1.1.jar;"/>
    <property name="sun.cpu.endian" value="little"/>
    <property name="user.home" value="C:\Users\duda_"/>
    <property name="user.language" value="pt"/>
    <property name="java.specification.vendor" value="Oracle Corporation"/>
    <property name="java.version.date" value="2024-01-16"/>
    <property name="java.home" value="C:\Program Files\Java\jdk-21"/>
    <property name="file.separator" value="\"/>
    <property name="basedir" value="D:\distribuida"/>
    <property name="java.vm.compressedOopsMode" value="Zero based"/>
    <property name="line.separator" value="&#10;"/>
    <property name="java.vm.specification.vendor" value="Oracle Corporation"/>
    <property name="java.specification.name" value="Java Platform API Specification"/>
    <property name="surefire.real.class.path" value="C:\Users\duda_\AppData\Local\Temp\surefire16136489190711603659\surefirebooter-20250926155910810_3.jar"/>
    <property name="user.script" value=""/>
    <property name="sun.management.compiler" value="HotSpot 64-Bit Tiered Compilers"/>
    <property name="java.runtime.version" value="21.0.2+13-LTS-58"/>
    <property name="user.name" value="duda_"/>
    <property name="stdout.encoding" value="Cp1252"/>
    <property name="path.separator" value=";"/>
    <property name="os.version" value="10.0"/>
    <property name="java.runtime.name" value="Java(TM) SE Runtime Environment"/>
    <property name="file.encoding" value="UTF-8"/>
    <property name="java.vm.name" value="Java HotSpot(TM) 64-Bit Server VM"/>
    <property name="localRepository" value="C:\Users\duda_\.m2\repository"/>
    <property name="java.vendor.url.bug" value="https://bugreport.java.com/bugreport/"/>
    <property name="java.io.tmpdir" value="C:\Users\duda_\AppData\Local\Temp\"/>
    <property name="java.version" value="21.0.2"/>
    <property name="user.dir" value="D:\distribuida"/>
    <property name="os.arch" value="amd64"/>
    <property name="java.vm.specification.name" value="Java Virtual Machine Specification"/>
    <property name="sun.os.patch.level" value=""/>
    <property name="native.encoding" value="Cp1252"/>
    <property name="java.library.path" value="C:\Program Files\Java\jdk-21\bin;C:\WINDOWS\Sun\Java\bin;C:\WINDOWS\system32;C:\WINDOWS;C:\Users\duda_\anaconda3;C:\Users\duda_\anaconda3\Library\mingw-w64\bin;C:\Users\duda_\anaconda3\Library\usr\bin;C:\Users\duda_\anaconda3\Library\bin;C:\Users\duda_\anaconda3\Scripts;C:\Users\duda_\anaconda3\bin;C:\Users\duda_\anaconda3\condabin;C:\Python312\Scripts;C:\Python312;C:\Program Files\Common Files\Oracle\Java\javapath;C:\Program Files (x86)\Common Files\Oracle\Java\java8path;C:\Program Files (x86)\Common Files\Oracle\Java\javapath;C:\Windows\system32;C:\Windows;C:\Windows\System32\Wbem;C:\Windows\System32\WindowsPowerShell\v1.0;C:\Windows\System32\OpenSSH;C:\Program Files (x86)\NVIDIA Corporation\PhysX\Common;C:\WINDOWS\system32;C:\WINDOWS;C:\WINDOWS\System32\Wbem;C:\WINDOWS\System32\WindowsPowerShell\v1.0;C:\WINDOWS\System32\OpenSSH;C:\Program Files\dotnet;C:\msys64\mingw64\bin;C:\Program Files (x86)\dotnet;C;C:\MinGW;C:\Users\duda_\Downloads\maven\apache-maven-3.9.6\bin;C:\Program Files\Java\jdk-20\bin;C:\Program Files\Java\jdk-21\bin;C:\Program Files\nodejs;C:\ProgramData\chocolatey\bin;C:\Program Files\Java\jdk-17\bin;C:\Program Files\apache-maven-3.9.6\bin;C:\Program Files\Java\jdk-21\bin;C:\Program Files\Git\cmd;C:\Program Files (x86)\Bitvise SSH Client;C:\Program Files\NVIDIA Corporation\NVIDIA App\NvDLISR;C:\Program Files\MySQL\MySQL Server 8.0\bin;C:\Program Files\MySQL\MySQL Utilities 1.6;C:\Program Files (x86)\GnuWin32\bin;.;C:\Program Files\Docker\Docker\resources\bin;C:\Users\duda_\anaconda3;C:\Users\duda_\anaconda3\Library\mingw-w64\bin;C:\Users\duda_\anaconda3\Library\usr\bin;C:\Users\duda_\anaconda3\Library\bin;C:\Users\duda_\anaconda3\Scripts;C:\Program Files\NCBI\blast-2.14.1+\bin;C:\Users\duda_\AppData\Local\Programs\Python\Python37-32\Scripts;C:\Users\duda_\AppData\Local\Programs\Python\Python37-32;C:\Users\duda_\AppData\Local\Programs\Python\Python310\Scripts;C:\Users\duda_\AppData\Local\Programs\Python\Python310;C:\Users\duda_\AppData\Local\Microsoft\WindowsApps;C:\Users\duda_\AppData\Local\Programs\Microsoft VS Code\bin;C:\Users\duda_\.dotnet\tools;C:\Program Files\Cppcheck;D:\flawfinder-2.0.19;C:\Users\duda_\AppData\Roaming\npm;C:\Program Files\Java\jdk-17\bin;C:\Program Files\Java\jdk-21\bin;C:\Users\duda_\AppData\Local\Microsoft\WinGet\Packages\Schniz.fnm_Microsoft.Winget.Source_8wekyb3d8bbwe;C:\Users\duda_\AppData\Local\Programs\MiKTeX\miktex\bin\x64;C:\Program Files\MySQL\MySQL Server 8.0\bin;.;c:\Users\duda_\AppData\Roaming\Code\User\globalStorage\github.copilot-chat\debugCommand;."/>
    <property name="java.vm.info" value="mixed mode, sharing"/>
    <property name="stderr.encoding" value="Cp1252"/>
    <property name="java.vendor" value="Oracle Corporation"/>
    <property name="java.vm.version" value="21.0.2+13-LTS-58"/>
    <property name="sun.io.unicode.encoding" value="UnicodeLittle"/>
    <property name="java.class.version" value="65.0"/>
  </properties>
  <testcase name="testServerStartStop" classname="br.ufrn.dimap.communication.udp.UDPCommunicationStrategyTest" time="0.387">
    <system-out><![CDATA[15:59:12.147 [pool-2-thread-1] INFO  [b.u.d.c.udp.UDPCommunicationStrategy] - Iniciando escuta de mensagens UDP na porta 9999
15:59:12.147 [main] INFO  [b.u.d.c.udp.UDPCommunicationStrategy] - Servidor UDP iniciado na porta 9999
15:59:12.152 [pool-2-thread-1] INFO  [b.u.d.c.udp.UDPCommunicationStrategy] - Parou de escutar mensagens UDP
15:59:12.152 [main] INFO  [b.u.d.c.udp.UDPCommunicationStrategy] - Servidor UDP parado (porta 9999)
]]></system-out>
  </testcase>
  <testcase name="testMessageSendReceive" classname="br.ufrn.dimap.communication.udp.UDPCommunicationStrategyTest" time="0.189">
    <system-out><![CDATA[15:59:12.173 [main] INFO  [b.u.d.c.udp.UDPCommunicationStrategy] - Servidor UDP iniciado na porta 9999
15:59:12.173 [pool-3-thread-1] INFO  [b.u.d.c.udp.UDPCommunicationStrategy] - Iniciando escuta de mensagens UDP na porta 9999
15:59:12.357 [pool-3-thread-1] INFO  [b.u.d.c.udp.UDPCommunicationStrategy] - Parou de escutar mensagens UDP
15:59:12.357 [main] INFO  [b.u.d.c.udp.UDPCommunicationStrategy] - Servidor UDP parado (porta 9999)
]]></system-out>
  </testcase>
  <testcase name="testMultipleMessagesHandling" classname="br.ufrn.dimap.communication.udp.UDPCommunicationStrategyTest" time="0.112">
    <system-out><![CDATA[15:59:12.361 [main] INFO  [b.u.d.c.udp.UDPCommunicationStrategy] - Servidor UDP iniciado na porta 9999
15:59:12.361 [pool-4-thread-1] INFO  [b.u.d.c.udp.UDPCommunicationStrategy] - Iniciando escuta de mensagens UDP na porta 9999
15:59:12.471 [pool-4-thread-1] INFO  [b.u.d.c.udp.UDPCommunicationStrategy] - Parou de escutar mensagens UDP
15:59:12.471 [main] INFO  [b.u.d.c.udp.UDPCommunicationStrategy] - Servidor UDP parado (porta 9999)
]]></system-out>
  </testcase>
  <testcase name="testProtocolName" classname="br.ufrn.dimap.communication.udp.UDPCommunicationStrategyTest" time="0.001"/>
  <testcase name="testSendToInvalidHost" classname="br.ufrn.dimap.communication.udp.UDPCommunicationStrategyTest" time="1.266">
    <system-out><![CDATA[15:59:13.739 [main] ERROR [b.u.d.c.udp.UDPCommunicationStrategy] - Erro ao enviar mensagem UDP para invalid-host-xyz:9999 - Este host não é conhecido (invalid-host-xyz)
]]></system-out>
  </testcase>
</testsuite>